Performing C SOURCE FILE Test CMAKE_HAVE_LIBC_PTHREAD failed with the following output:
Change Dir: /home/jens/Documents/TDT4230/Project/build/CMakeFiles/CMakeTmp

Run Build Command(s):/usr/bin/make -f Makefile cmTC_218cb/fast && /usr/bin/make  -f CMakeFiles/cmTC_218cb.dir/build.make CMakeFiles/cmTC_218cb.dir/build
make[1]: Entering directory '/home/jens/Documents/TDT4230/Project/build/CMakeFiles/CMakeTmp'
Building C object CMakeFiles/cmTC_218cb.dir/src.c.o
/usr/bin/cc -DCMAKE_HAVE_LIBC_PTHREAD   -o CMakeFiles/cmTC_218cb.dir/src.c.o -c /home/jens/Documents/TDT4230/Project/build/CMakeFiles/CMakeTmp/src.c
Linking C executable cmTC_218cb
/usr/local/bin/cmake -E cmake_link_script CMakeFiles/cmTC_218cb.dir/link.txt --verbose=1
/usr/bin/cc -rdynamic CMakeFiles/cmTC_218cb.dir/src.c.o -o cmTC_218cb 
/usr/bin/ld: CMakeFiles/cmTC_218cb.dir/src.c.o: in function `main':
src.c:(.text+0x46): undefined reference to `pthread_create'
/usr/bin/ld: src.c:(.text+0x52): undefined reference to `pthread_detach'
/usr/bin/ld: src.c:(.text+0x5e): undefined reference to `pthread_cancel'
/usr/bin/ld: src.c:(.text+0x6f): undefined reference to `pthread_join'
collect2: error: ld returned 1 exit status
make[1]: *** [CMakeFiles/cmTC_218cb.dir/build.make:99: cmTC_218cb] Error 1
make[1]: Leaving directory '/home/jens/Documents/TDT4230/Project/build/CMakeFiles/CMakeTmp'
make: *** [Makefile:127: cmTC_218cb/fast] Error 2


Source file was:
#include <pthread.h>

static void* test_func(void* data)
{
  return data;
}

int main(void)
{
  pthread_t thread;
  pthread_create(&thread, NULL, test_func, NULL);
  pthread_detach(thread);
  pthread_cancel(thread);
  pthread_join(thread, NULL);
  pthread_atfork(NULL, NULL, NULL);
  pthread_exit(NULL);

  return 0;
}

Determining if the function pthread_create exists in the pthreads failed with the following output:
Change Dir: /home/jens/Documents/TDT4230/Project/build/CMakeFiles/CMakeTmp

Run Build Command(s):/usr/bin/make -f Makefile cmTC_5f486/fast && /usr/bin/make  -f CMakeFiles/cmTC_5f486.dir/build.make CMakeFiles/cmTC_5f486.dir/build
make[1]: Entering directory '/home/jens/Documents/TDT4230/Project/build/CMakeFiles/CMakeTmp'
Building C object CMakeFiles/cmTC_5f486.dir/CheckFunctionExists.c.o
/usr/bin/cc   -DCHECK_FUNCTION_EXISTS=pthread_create -o CMakeFiles/cmTC_5f486.dir/CheckFunctionExists.c.o -c /usr/local/share/cmake-3.20/Modules/CheckFunctionExists.c
Linking C executable cmTC_5f486
/usr/local/bin/cmake -E cmake_link_script CMakeFiles/cmTC_5f486.dir/link.txt --verbose=1
/usr/bin/cc  -DCHECK_FUNCTION_EXISTS=pthread_create -rdynamic CMakeFiles/cmTC_5f486.dir/CheckFunctionExists.c.o -o cmTC_5f486  -lpthreads 
/usr/bin/ld: cannot find -lpthreads
collect2: error: ld returned 1 exit status
make[1]: *** [CMakeFiles/cmTC_5f486.dir/build.make:99: cmTC_5f486] Error 1
make[1]: Leaving directory '/home/jens/Documents/TDT4230/Project/build/CMakeFiles/CMakeTmp'
make: *** [Makefile:127: cmTC_5f486/fast] Error 2



Determining if the strtod_l exist failed with the following output:
Change Dir: /home/jens/Documents/TDT4230/Project/build/CMakeFiles/CMakeTmp

Run Build Command(s):/usr/bin/make -f Makefile cmTC_f0cae/fast && /usr/bin/make  -f CMakeFiles/cmTC_f0cae.dir/build.make CMakeFiles/cmTC_f0cae.dir/build
make[1]: Entering directory '/home/jens/Documents/TDT4230/Project/build/CMakeFiles/CMakeTmp'
Building C object CMakeFiles/cmTC_f0cae.dir/CheckSymbolExists.c.o
/usr/bin/cc    -o CMakeFiles/cmTC_f0cae.dir/CheckSymbolExists.c.o -c /home/jens/Documents/TDT4230/Project/build/CMakeFiles/CMakeTmp/CheckSymbolExists.c
/home/jens/Documents/TDT4230/Project/build/CMakeFiles/CMakeTmp/CheckSymbolExists.c: In function ‘main’:
/home/jens/Documents/TDT4230/Project/build/CMakeFiles/CMakeTmp/CheckSymbolExists.c:8:19: error: ‘strtod_l’ undeclared (first use in this function); did you mean ‘strtoull’?
    8 |   return ((int*)(&strtod_l))[argc];
      |                   ^~~~~~~~
      |                   strtoull
/home/jens/Documents/TDT4230/Project/build/CMakeFiles/CMakeTmp/CheckSymbolExists.c:8:19: note: each undeclared identifier is reported only once for each function it appears in
make[1]: *** [CMakeFiles/cmTC_f0cae.dir/build.make:78: CMakeFiles/cmTC_f0cae.dir/CheckSymbolExists.c.o] Error 1
make[1]: Leaving directory '/home/jens/Documents/TDT4230/Project/build/CMakeFiles/CMakeTmp'
make: *** [Makefile:127: cmTC_f0cae/fast] Error 2


File /home/jens/Documents/TDT4230/Project/build/CMakeFiles/CMakeTmp/CheckSymbolExists.c:
/* */
#include <stdlib.h>

int main(int argc, char** argv)
{
  (void)argv;
#ifndef strtod_l
  return ((int*)(&strtod_l))[argc];
#else
  (void)argc;
  return 0;
#endif
}
